2022-10-02 07:39:53.256  INFO 5864 --- [restartedMain] i.g.c.m.MsavaliadorcreditoApplication    : Starting MsavaliadorcreditoApplication using Java 11.0.15 on alex with PID 5864 (/mr7/workspace_udemy_mc/msavaliadorcredito/target/classes started by alex in /mr7/workspace_udemy_mc/msavaliadorcredito)
2022-10-02 07:39:53.256  INFO 5864 --- [restartedMain] i.g.c.m.MsavaliadorcreditoApplication    : No active profile set, falling back to 1 default profile: "default"
2022-10-02 07:39:53.399  INFO 5864 --- [restartedMain] o.s.cloud.context.scope.GenericScope     : BeanFactory id=212d689e-9223-38b9-a8a2-579069662f9f
2022-10-02 07:39:53.434  INFO 5864 --- [restartedMain] o.s.b.w.embedded.tomcat.TomcatWebServer  : Tomcat initialized with port(s): 0 (http)
2022-10-02 07:39:53.435  INFO 5864 --- [restartedMain] o.apache.catalina.core.StandardService   : Starting service [Tomcat]
2022-10-02 07:39:53.436  INFO 5864 --- [restartedMain] org.apache.catalina.core.StandardEngine  : Starting Servlet engine: [Apache Tomcat/9.0.62]
2022-10-02 07:39:53.448  INFO 5864 --- [restartedMain] o.a.c.c.C.[Tomcat].[localhost].[/]       : Initializing Spring embedded WebApplicationContext
2022-10-02 07:39:53.449  INFO 5864 --- [restartedMain] w.s.c.ServletWebServerApplicationContext : Root WebApplicationContext: initialization completed in 190 ms
2022-10-02 07:39:53.494  WARN 5864 --- [restartedMain] o.s.b.d.a.OptionalLiveReloadServer       : Unable to start LiveReload server
2022-10-02 07:39:53.505  INFO 5864 --- [restartedMain] o.s.c.openfeign.FeignClientFactoryBean   : For 'msclientes' URL not provided. Will try picking an instance via load-balancing.
2022-10-02 07:39:53.530  INFO 5864 --- [restartedMain] o.s.c.openfeign.FeignClientFactoryBean   : For 'mscartoes' URL not provided. Will try picking an instance via load-balancing.
2022-10-02 07:39:54.621  INFO 5864 --- [restartedMain] o.s.cloud.commons.util.InetUtils         : Cannot determine local hostname
2022-10-02 07:39:54.632  INFO 5864 --- [restartedMain] DiscoveryClientOptionalArgsConfiguration : Eureka HTTP Client uses RestTemplate.
2022-10-02 07:39:55.643  INFO 5864 --- [restartedMain] o.s.cloud.commons.util.InetUtils         : Cannot determine local hostname
2022-10-02 07:39:55.652  WARN 5864 --- [restartedMain] iguration$LoadBalancerCaffeineWarnLogger : Spring Cloud LoadBalancer is currently working with the default cache. While this cache implementation is useful for development and tests, it's recommended to use Caffeine cache in production.You can switch to using Caffeine cache, by adding it and org.springframework.cache.caffeine.CaffeineCacheManager to the classpath.
2022-10-02 07:39:55.674  INFO 5864 --- [restartedMain] o.s.b.w.embedded.tomcat.TomcatWebServer  : Tomcat started on port(s): 43477 (http) with context path ''
2022-10-02 07:39:55.674  INFO 5864 --- [restartedMain] .s.c.n.e.s.EurekaAutoServiceRegistration : Updating port to 43477
2022-10-02 07:39:55.675  INFO 5864 --- [restartedMain] o.s.c.n.eureka.InstanceInfoFactory       : Setting initial instance status as: STARTING
2022-10-02 07:39:55.677  INFO 5864 --- [restartedMain] com.netflix.discovery.DiscoveryClient    : Initializing Eureka in region us-east-1
2022-10-02 07:39:55.678  INFO 5864 --- [restartedMain] c.n.d.s.r.aws.ConfigClusterResolver      : Resolving eureka endpoints via configuration
2022-10-02 07:39:55.679  INFO 5864 --- [restartedMain] com.netflix.discovery.DiscoveryClient    : Disable delta property : false
2022-10-02 07:39:55.679  INFO 5864 --- [restartedMain] com.netflix.discovery.DiscoveryClient    : Single vip registry refresh property : null
2022-10-02 07:39:55.679  INFO 5864 --- [restartedMain] com.netflix.discovery.DiscoveryClient    : Force full registry fetch : false
2022-10-02 07:39:55.679  INFO 5864 --- [restartedMain] com.netflix.discovery.DiscoveryClient    : Application is null : false
2022-10-02 07:39:55.679  INFO 5864 --- [restartedMain] com.netflix.discovery.DiscoveryClient    : Registered Applications size is zero : true
2022-10-02 07:39:55.680  INFO 5864 --- [restartedMain] com.netflix.discovery.DiscoveryClient    : Application version is -1: true
2022-10-02 07:39:55.680  INFO 5864 --- [restartedMain] com.netflix.discovery.DiscoveryClient    : Getting all instance registry info from the eureka server
2022-10-02 07:39:55.696  INFO 5864 --- [restartedMain] com.netflix.discovery.DiscoveryClient    : The response status is 200
2022-10-02 07:39:55.697  INFO 5864 --- [restartedMain] com.netflix.discovery.DiscoveryClient    : Starting heartbeat executor: renew interval is: 30
2022-10-02 07:39:55.698  INFO 5864 --- [restartedMain] c.n.discovery.InstanceInfoReplicator     : InstanceInfoReplicator onDemand update allowed rate per min is 4
2022-10-02 07:39:55.699  INFO 5864 --- [restartedMain] com.netflix.discovery.DiscoveryClient    : Discovery Client initialized at timestamp 1664707195699 with initial instances count: 4
2022-10-02 07:39:55.700  INFO 5864 --- [restartedMain] o.s.c.n.e.s.EurekaServiceRegistry        : Registering application MSAVALIADORCREDITO with eureka with status UP
2022-10-02 07:39:55.701  INFO 5864 --- [restartedMain] com.netflix.discovery.DiscoveryClient    : Saw local status change event StatusChangeEvent [timestamp=1664707195701, current=UP, previous=STARTING]
2022-10-02 07:39:55.702  INFO 5864 --- [DiscoveryClient-InstanceInfoReplicator-0] com.netflix.discovery.DiscoveryClient    : DiscoveryClient_MSAVALIADORCREDITO/msavaliadorcredito:895f88b5fa435805becdd35c6780a511: registering service...
2022-10-02 07:39:55.713  INFO 5864 --- [DiscoveryClient-InstanceInfoReplicator-0] com.netflix.discovery.DiscoveryClient    : DiscoveryClient_MSAVALIADORCREDITO/msavaliadorcredito:895f88b5fa435805becdd35c6780a511 - registration status: 204
2022-10-02 07:39:56.705  INFO 5864 --- [restartedMain] o.s.cloud.commons.util.InetUtils         : Cannot determine local hostname
2022-10-02 07:39:56.712  INFO 5864 --- [restartedMain] i.g.c.m.MsavaliadorcreditoApplication    : Started MsavaliadorcreditoApplication in 4.505 seconds (JVM running for 4391.988)
2022-10-02 07:39:56.714  INFO 5864 --- [restartedMain] .ConditionEvaluationDeltaLoggingListener : Condition evaluation unchanged
2022-10-02 07:41:18.227  INFO 5864 --- [SpringApplicationShutdownHook] o.s.c.n.e.s.EurekaServiceRegistry        : Unregistering application MSAVALIADORCREDITO with eureka with status DOWN
2022-10-02 07:41:18.227  INFO 5864 --- [SpringApplicationShutdownHook] com.netflix.discovery.DiscoveryClient    : Saw local status change event StatusChangeEvent [timestamp=1664707278227, current=DOWN, previous=UP]
2022-10-02 07:41:18.228  INFO 5864 --- [DiscoveryClient-InstanceInfoReplicator-0] com.netflix.discovery.DiscoveryClient    : DiscoveryClient_MSAVALIADORCREDITO/msavaliadorcredito:895f88b5fa435805becdd35c6780a511: registering service...
2022-10-02 07:41:18.237  INFO 5864 --- [DiscoveryClient-InstanceInfoReplicator-0] com.netflix.discovery.DiscoveryClient    : DiscoveryClient_MSAVALIADORCREDITO/msavaliadorcredito:895f88b5fa435805becdd35c6780a511 - registration status: 204
2022-10-02 07:41:18.245  INFO 5864 --- [SpringApplicationShutdownHook] com.netflix.discovery.DiscoveryClient    : Shutting down DiscoveryClient ...
2022-10-02 07:41:21.247  INFO 5864 --- [SpringApplicationShutdownHook] com.netflix.discovery.DiscoveryClient    : Unregistering ...
2022-10-02 07:41:21.252  INFO 5864 --- [SpringApplicationShutdownHook] com.netflix.discovery.DiscoveryClient    : DiscoveryClient_MSAVALIADORCREDITO/msavaliadorcredito:895f88b5fa435805becdd35c6780a511 - deregister  status: 200
2022-10-02 07:41:21.255  INFO 5864 --- [SpringApplicationShutdownHook] com.netflix.discovery.DiscoveryClient    : Completed shut down of DiscoveryClient
2022-10-02 07:42:10.850  INFO 2906 --- [restartedMain] i.g.c.m.MsavaliadorcreditoApplication    : Starting MsavaliadorcreditoApplication using Java 11.0.15 on alex with PID 2906 (/mr7/workspace_udemy_mc/msavaliadorcredito/target/classes started by alex in /mr7/workspace_udemy_mc/msavaliadorcredito)
2022-10-02 07:42:10.851  INFO 2906 --- [restartedMain] i.g.c.m.MsavaliadorcreditoApplication    : No active profile set, falling back to 1 default profile: "default"
2022-10-02 07:42:10.927  INFO 2906 --- [restartedMain] .e.DevToolsPropertyDefaultsPostProcessor : Devtools property defaults active! Set 'spring.devtools.add-properties' to 'false' to disable
2022-10-02 07:42:10.927  INFO 2906 --- [restartedMain] .e.DevToolsPropertyDefaultsPostProcessor : For additional web related logging consider setting the 'logging.level.web' property to 'DEBUG'
2022-10-02 07:42:12.308  INFO 2906 --- [restartedMain] o.s.cloud.context.scope.GenericScope     : BeanFactory id=7e145044-0e6c-3a7d-823f-82068d5206e9
2022-10-02 07:42:12.891  INFO 2906 --- [restartedMain] o.s.b.w.embedded.tomcat.TomcatWebServer  : Tomcat initialized with port(s): 0 (http)
2022-10-02 07:42:12.903  INFO 2906 --- [restartedMain] o.apache.catalina.core.StandardService   : Starting service [Tomcat]
2022-10-02 07:42:12.904  INFO 2906 --- [restartedMain] org.apache.catalina.core.StandardEngine  : Starting Servlet engine: [Apache Tomcat/9.0.62]
2022-10-02 07:42:12.976  INFO 2906 --- [restartedMain] o.a.c.c.C.[Tomcat].[localhost].[/]       : Initializing Spring embedded WebApplicationContext
2022-10-02 07:42:12.977  INFO 2906 --- [restartedMain] w.s.c.ServletWebServerApplicationContext : Root WebApplicationContext: initialization completed in 2049 ms
2022-10-02 07:42:13.443  WARN 2906 --- [restartedMain] o.s.b.d.a.OptionalLiveReloadServer       : Unable to start LiveReload server
2022-10-02 07:42:13.528  INFO 2906 --- [restartedMain] o.s.c.openfeign.FeignClientFactoryBean   : For 'msclientes' URL not provided. Will try picking an instance via load-balancing.
2022-10-02 07:42:13.651  INFO 2906 --- [restartedMain] o.s.c.openfeign.FeignClientFactoryBean   : For 'mscartoes' URL not provided. Will try picking an instance via load-balancing.
2022-10-02 07:42:15.891  INFO 2906 --- [restartedMain] o.s.cloud.commons.util.InetUtils         : Cannot determine local hostname
2022-10-02 07:42:17.126  INFO 2906 --- [restartedMain] o.s.cloud.commons.util.InetUtils         : Cannot determine local hostname
2022-10-02 07:42:17.138  INFO 2906 --- [restartedMain] DiscoveryClientOptionalArgsConfiguration : Eureka HTTP Client uses RestTemplate.
2022-10-02 07:42:17.197  WARN 2906 --- [restartedMain] iguration$LoadBalancerCaffeineWarnLogger : Spring Cloud LoadBalancer is currently working with the default cache. While this cache implementation is useful for development and tests, it's recommended to use Caffeine cache in production.You can switch to using Caffeine cache, by adding it and org.springframework.cache.caffeine.CaffeineCacheManager to the classpath.
2022-10-02 07:42:17.207  INFO 2906 --- [restartedMain] o.s.b.a.e.web.EndpointLinksResolver      : Exposing 17 endpoint(s) beneath base path '/actuator'
2022-10-02 07:42:17.324  INFO 2906 --- [restartedMain] o.s.b.w.embedded.tomcat.TomcatWebServer  : Tomcat started on port(s): 44545 (http) with context path ''
2022-10-02 07:42:17.325  INFO 2906 --- [restartedMain] .s.c.n.e.s.EurekaAutoServiceRegistration : Updating port to 44545
2022-10-02 07:42:17.331  INFO 2906 --- [restartedMain] o.s.c.n.eureka.InstanceInfoFactory       : Setting initial instance status as: STARTING
2022-10-02 07:42:17.360  INFO 2906 --- [restartedMain] com.netflix.discovery.DiscoveryClient    : Initializing Eureka in region us-east-1
2022-10-02 07:42:17.369  INFO 2906 --- [restartedMain] c.n.d.s.r.aws.ConfigClusterResolver      : Resolving eureka endpoints via configuration
2022-10-02 07:42:17.396  INFO 2906 --- [restartedMain] com.netflix.discovery.DiscoveryClient    : Disable delta property : false
2022-10-02 07:42:17.396  INFO 2906 --- [restartedMain] com.netflix.discovery.DiscoveryClient    : Single vip registry refresh property : null
2022-10-02 07:42:17.396  INFO 2906 --- [restartedMain] com.netflix.discovery.DiscoveryClient    : Force full registry fetch : false
2022-10-02 07:42:17.396  INFO 2906 --- [restartedMain] com.netflix.discovery.DiscoveryClient    : Application is null : false
2022-10-02 07:42:17.396  INFO 2906 --- [restartedMain] com.netflix.discovery.DiscoveryClient    : Registered Applications size is zero : true
2022-10-02 07:42:17.396  INFO 2906 --- [restartedMain] com.netflix.discovery.DiscoveryClient    : Application version is -1: true
2022-10-02 07:42:17.397  INFO 2906 --- [restartedMain] com.netflix.discovery.DiscoveryClient    : Getting all instance registry info from the eureka server
2022-10-02 07:42:17.638  INFO 2906 --- [restartedMain] com.netflix.discovery.DiscoveryClient    : The response status is 200
2022-10-02 07:42:17.641  INFO 2906 --- [restartedMain] com.netflix.discovery.DiscoveryClient    : Starting heartbeat executor: renew interval is: 30
2022-10-02 07:42:17.645  INFO 2906 --- [restartedMain] c.n.discovery.InstanceInfoReplicator     : InstanceInfoReplicator onDemand update allowed rate per min is 4
2022-10-02 07:42:17.652  INFO 2906 --- [restartedMain] com.netflix.discovery.DiscoveryClient    : Discovery Client initialized at timestamp 1664707337651 with initial instances count: 2
2022-10-02 07:42:17.654  INFO 2906 --- [restartedMain] o.s.c.n.e.s.EurekaServiceRegistry        : Registering application MSAVALIADORCREDITO with eureka with status UP
2022-10-02 07:42:17.655  INFO 2906 --- [restartedMain] com.netflix.discovery.DiscoveryClient    : Saw local status change event StatusChangeEvent [timestamp=1664707337655, current=UP, previous=STARTING]
2022-10-02 07:42:17.658  INFO 2906 --- [DiscoveryClient-InstanceInfoReplicator-0] com.netflix.discovery.DiscoveryClient    : DiscoveryClient_MSAVALIADORCREDITO/msavaliadorcredito:6ddf3e1bdd59cc5a9e8c7268ab63b6dc: registering service...
2022-10-02 07:42:17.712  INFO 2906 --- [DiscoveryClient-InstanceInfoReplicator-0] com.netflix.discovery.DiscoveryClient    : DiscoveryClient_MSAVALIADORCREDITO/msavaliadorcredito:6ddf3e1bdd59cc5a9e8c7268ab63b6dc - registration status: 204
2022-10-02 07:42:18.661  INFO 2906 --- [restartedMain] o.s.cloud.commons.util.InetUtils         : Cannot determine local hostname
2022-10-02 07:42:18.665  INFO 2906 --- [restartedMain] i.g.c.m.MsavaliadorcreditoApplication    : Started MsavaliadorcreditoApplication in 9.299 seconds (JVM running for 9.844)
2022-10-02 07:42:18.668  INFO 2906 --- [RMI TCP Connection(1)-127.0.0.1] o.a.c.c.C.[Tomcat].[localhost].[/]       : Initializing Spring DispatcherServlet 'dispatcherServlet'
2022-10-02 07:42:18.669  INFO 2906 --- [RMI TCP Connection(1)-127.0.0.1] o.s.web.servlet.DispatcherServlet        : Initializing Servlet 'dispatcherServlet'
2022-10-02 07:42:18.670  INFO 2906 --- [RMI TCP Connection(1)-127.0.0.1] o.s.web.servlet.DispatcherServlet        : Completed initialization in 1 ms
2022-10-02 07:43:55.749  INFO 2906 --- [http-nio-auto-1-exec-5] o.springdoc.api.AbstractOpenApiResource  : Init duration for springdoc-openapi is: 109 ms
